<?xml version="1.0" encoding="UTF-8"?>
<!-- Generated by org.testng.reporters.JUnitReportReporter -->
<testsuite hostname="192.168.1.4" failures="0" tests="1" name="com.DM8.Runnerfiles.TestRunner" time="25.192" errors="0" timestamp="2022-11-25T20:12:49 PKT" skipped="0">
  <testcase classname="com.DM8.Runnerfiles.TestRunner" name="runScenario" time="25.192"/>
  <system-out/>
</testsuite> <!-- com.DM8.Runnerfiles.TestRunner -->
